[2024-05-08 09:19:17,103: WARNING/MainProcess] /usr/local/lib/python3.11/site-packages/celery/app/utils.py:203: CDeprecationWarning: 
    The 'CELERY_RESULT_BACKEND' setting is deprecated and scheduled for removal in
    version 6.0.0. Use the result_backend instead

  deprecated.warn(description=f'The {setting!r} setting',

[2024-05-08 09:19:17,104: WARNING/MainProcess] Please run `celery upgrade settings path/to/settings.py` to avoid these warnings and to allow a smoother upgrade to Celery 6.0.
[2024-05-08 09:19:17,463: WARNING/MainProcess] /usr/local/lib/python3.11/site-packages/celery/worker/consumer/consumer.py:507: CPendingDeprecationWarning: The broker_connection_retry configuration setting will no longer determine
whether broker connection retries are made during startup in Celery 6.0 and above.
If you wish to retain the existing behavior for retrying connections on startup,
you should set broker_connection_retry_on_startup to True.
  warnings.warn(

[2024-05-08 09:19:17,467: INFO/MainProcess] Connected to redis://redis:6379/0
[2024-05-08 09:19:17,467: WARNING/MainProcess] /usr/local/lib/python3.11/site-packages/celery/worker/consumer/consumer.py:507: CPendingDeprecationWarning: The broker_connection_retry configuration setting will no longer determine
whether broker connection retries are made during startup in Celery 6.0 and above.
If you wish to retain the existing behavior for retrying connections on startup,
you should set broker_connection_retry_on_startup to True.
  warnings.warn(

[2024-05-08 09:19:17,470: INFO/MainProcess] mingle: searching for neighbors
[2024-05-08 09:19:18,481: INFO/MainProcess] mingle: all alone
[2024-05-08 09:19:18,489: INFO/MainProcess] celery@539f90683af8 ready.
[2024-05-08 09:19:20,229: INFO/MainProcess] Events of group {task} enabled by remote.
[2024-05-08 09:20:11,673: INFO/MainProcess] Task project.users.tasks.task_test_logger[ca2a31f1-7804-493e-ab01-bec1c8f9d80b] received
[2024-05-08 09:20:11,676: INFO/ForkPoolWorker-7] Task project.users.tasks.task_test_logger[ca2a31f1-7804-493e-ab01-bec1c8f9d80b] succeeded in 0.0021472649968927726s: None
[2024-05-08 09:20:11,677: INFO/ForkPoolWorker-7] Connecting to redis
[2024-05-08 09:20:11,681: INFO/ForkPoolWorker-7] Redis connection made
[2024-05-08 09:20:11,681: INFO/ForkPoolWorker-7] Connecting to redis
[2024-05-08 09:20:11,682: INFO/ForkPoolWorker-7] Redis connection made
[2024-05-08 09:20:11,687: INFO/ForkPoolWorker-7] Redis connection lost
[2024-05-08 09:20:11,687: INFO/ForkPoolWorker-7] Redis connection lost
